빌드 시작: 2025-06-04 오전 10:48:41
     1>4 노드의 "D:\LWI\LaserNotchingSys(250604_0949)\NX_LOGIN\NX_LOGIN.vcxproj" 프로젝트(Build 대상)입니다.
       프로젝트 파일에 ToolsVersion="15.0"이(가) 들어 있습니다. 이 도구 집합은 알 수 없거나 누락되었을 수 있습니다. 이 경우 적절한 버전의 MSBuild를 설치하여 이 문제를 해결할 수 있습니다. 그렇지 않으면 빌드가 정책상의 이유로 특정 ToolsVersion이 될 수 있습니다. 프로젝트에 ToolsVersion="4.0"이 들어 있는 것으로 간주합니다. 자세한 내용은 http://go.microsoft.com/fwlink/?LinkId=291333을 참조하십시오.
     1>ClCompile:
         C:\Program Files (x86)\Microsoft Visual Studio 11.0\VC\bin\CL.exe /c /I"D:\LWI\LaserNotchingSys(250604_0949)\include\\" /ZI /nologo /W3 /WX- /sdl /Od /Oi /Oy- /D NX_USER_LOGIN_EXPORTS /D WIN32 /D _WINDOWS /D _DEBUG /D _AFXEXT /D _WINDLL /D _MBCS /D _AFXDLL /Gm /EHsc /RTC1 /MDd /GS /fp:precise /Zc:wchar_t /Zc:forScope /Yc"stdafx.h" /Fp"Debug\OBJECT\NX_LOGIN_D.pch" /Fo"Debug\OBJECT\\" /Fd"Debug\OBJECT\vc110.pdb" /Gd /TP /analyze- /errorReport:prompt stdafx.cpp
         stdafx.cpp
         C:\Program Files (x86)\Microsoft Visual Studio 11.0\VC\bin\CL.exe /c /I"D:\LWI\LaserNotchingSys(250604_0949)\include\\" /ZI /nologo /W3 /WX- /sdl /Od /Oi /Oy- /D NX_USER_LOGIN_EXPORTS /D WIN32 /D _WINDOWS /D _DEBUG /D _AFXEXT /D _WINDLL /D _MBCS /D _AFXDLL /Gm /EHsc /RTC1 /MDd /GS /fp:precise /Zc:wchar_t /Zc:forScope /Yu"stdafx.h" /Fp"Debug\OBJECT\NX_LOGIN_D.pch" /Fo"Debug\OBJECT\\" /Fd"Debug\OBJECT\vc110.pdb" /Gd /TP /analyze- /errorReport:prompt ExtDllState.cpp EXTERN\BtnST.cpp EXTERN\ctdeditctrl.cpp EXTERN\ctmeterctrl.cpp EXTERN\cttextctrl.cpp EXTERN\ShadeButtonST.cpp EXTERN\xDib.cpp EXTERN\FileMgr.cpp EXTERN\fpspread_bci.cpp GuiLogin.cpp Login.cpp NX_LOGIN.cpp
         NX_LOGIN.cpp
         Login.cpp
         GuiLogin.cpp
         fpspread_bci.cpp
         FileMgr.cpp
         xDib.cpp
         ShadeButtonST.cpp
         cttextctrl.cpp
         ctmeterctrl.cpp
         ctdeditctrl.cpp
         BtnST.cpp
         ExtDllState.cpp
         코드를 생성하고 있습니다...
       ResourceCompile:
         C:\Program Files (x86)\Windows Kits\8.0\bin\x86\rc.exe /D _DEBUG /D _AFXDLL /l"0x0412" /IDebug\OBJECT\ /nologo /fo"Debug\OBJECT\NX_LOGIN.res" NX_LOGIN.rc 
       Link:
         C:\Program Files (x86)\Microsoft Visual Studio 11.0\VC\bin\link.exe /ERRORREPORT:PROMPT /OUT:"Debug\NX_LOGIN_D.dll" /INCREMENTAL /NOLOGO /LIBPATH:"D:\LWI\LaserNotchingSys(250604_0949)\library" NX_KEYPAD\NX_KEYPAD_D.lib /DEF:".\NX_LOGIN.def" /MANIFEST /MANIFESTUAC:"level='asInvoker' uiAccess='false'" /manifest:embed /manifestinput:"C:\Program Files (x86)\Microsoft Visual Studio 11.0\VC\Include\Manifest\dpiaware.manifest" /DEBUG /PDB:"Debug\NX_LOGIN_D.pdb" /SUBSYSTEM:WINDOWS /TLBID:1 /DYNAMICBASE /NXCOMPAT /IMPLIB:"Debug\NX_LOGIN_D.lib" /MACHINE:X86 /DLL Debug\OBJECT\NX_LOGIN.res
         Debug\OBJECT\ExtDllState.obj
         Debug\OBJECT\BtnST.obj
         Debug\OBJECT\ctdeditctrl.obj
         Debug\OBJECT\ctmeterctrl.obj
         Debug\OBJECT\cttextctrl.obj
         Debug\OBJECT\ShadeButtonST.obj
         Debug\OBJECT\xDib.obj
         Debug\OBJECT\FileMgr.obj
         Debug\OBJECT\fpspread_bci.obj
         Debug\OBJECT\GuiLogin.obj
         Debug\OBJECT\Login.obj
         Debug\OBJECT\NX_LOGIN.obj
         Debug\OBJECT\stdafx.obj
            Debug\NX_LOGIN_D.lib 라이브러리 및 Debug\NX_LOGIN_D.exp 개체를 생성하고 있습니다.
         NX_LOGIN.vcxproj -> D:\LWI\LaserNotchingSys(250604_0949)\NX_LOGIN\Debug\NX_LOGIN_D.dll
       PostBuildEvent:
         xcopy /f /y *.h "D:\LWI\LaserNotchingSys(250604_0949)\Include\NX_LOGIN\"
         xcopy /f /y D:\LWI\LaserNotchingSys(250604_0949)\NX_LOGIN\EXTERN\*.h "D:\LWI\LaserNotchingSys(250604_0949)\INCLUDE\NX_LOGIN\EXTERN\"
         xcopy /f /y Debug\\NX_LOGIN_D.lib "D:\LWI\LaserNotchingSys(250604_0949)\LIBRARY\NX_LOGIN\"
         xcopy /f /y Debug\NX_LOGIN_D.dll "D:\LWI\LaserNotchingSys(250604_0949)\Debug\"
         del "D:\LWI\LaserNotchingSys(250604_0949)\Include\NX_LOGIN\Stdafx.h"
         del "D:\LWI\LaserNotchingSys(250604_0949)\Include\NX_LOGIN\targetver.h"
         del "D:\LWI\LaserNotchingSys(250604_0949)\Include\NX_LOGIN\resource.h"
         del "D:\LWI\LaserNotchingSys(250604_0949)\Include\NX_LOGIN\NX_LOGIN.h"
         :VCEnd
         D:\LWI\LaserNotchingSys(250604_0949)\NX_LOGIN\ExtDllState.h -> D:\LWI\LaserNotchingSys(250604_0949)\Include\NX_LOGIN\ExtDllState.h
         D:\LWI\LaserNotchingSys(250604_0949)\NX_LOGIN\GuiLogin.h -> D:\LWI\LaserNotchingSys(250604_0949)\Include\NX_LOGIN\GuiLogin.h
         D:\LWI\LaserNotchingSys(250604_0949)\NX_LOGIN\Login.h -> D:\LWI\LaserNotchingSys(250604_0949)\Include\NX_LOGIN\Login.h
         D:\LWI\LaserNotchingSys(250604_0949)\NX_LOGIN\resource.h -> D:\LWI\LaserNotchingSys(250604_0949)\Include\NX_LOGIN\resource.h
         D:\LWI\LaserNotchingSys(250604_0949)\NX_LOGIN\stdafx.h -> D:\LWI\LaserNotchingSys(250604_0949)\Include\NX_LOGIN\stdafx.h
         D:\LWI\LaserNotchingSys(250604_0949)\NX_LOGIN\targetver.h -> D:\LWI\LaserNotchingSys(250604_0949)\Include\NX_LOGIN\targetver.h
         6개 파일이 복사되었습니다.
         D:\LWI\LaserNotchingSys(250604_0949)\NX_LOGIN\EXTERN\BtnST.h -> D:\LWI\LaserNotchingSys(250604_0949)\INCLUDE\NX_LOGIN\EXTERN\BtnST.h
         D:\LWI\LaserNotchingSys(250604_0949)\NX_LOGIN\EXTERN\CColorDefine.h -> D:\LWI\LaserNotchingSys(250604_0949)\INCLUDE\NX_LOGIN\EXTERN\CColorDefine.h
         D:\LWI\LaserNotchingSys(250604_0949)\NX_LOGIN\EXTERN\ctdeditctrl.h -> D:\LWI\LaserNotchingSys(250604_0949)\INCLUDE\NX_LOGIN\EXTERN\ctdeditctrl.h
         D:\LWI\LaserNotchingSys(250604_0949)\NX_LOGIN\EXTERN\ctmeterctrl.h -> D:\LWI\LaserNotchingSys(250604_0949)\INCLUDE\NX_LOGIN\EXTERN\ctmeterctrl.h
         D:\LWI\LaserNotchingSys(250604_0949)\NX_LOGIN\EXTERN\cttextctrl.h -> D:\LWI\LaserNotchingSys(250604_0949)\INCLUDE\NX_LOGIN\EXTERN\cttextctrl.h
         D:\LWI\LaserNotchingSys(250604_0949)\NX_LOGIN\EXTERN\FileMgr.h -> D:\LWI\LaserNotchingSys(250604_0949)\INCLUDE\NX_LOGIN\EXTERN\FileMgr.h
         D:\LWI\LaserNotchingSys(250604_0949)\NX_LOGIN\EXTERN\fpspread_bci.h -> D:\LWI\LaserNotchingSys(250604_0949)\INCLUDE\NX_LOGIN\EXTERN\fpspread_bci.h
         D:\LWI\LaserNotchingSys(250604_0949)\NX_LOGIN\EXTERN\ShadeButtonST.h -> D:\LWI\LaserNotchingSys(250604_0949)\INCLUDE\NX_LOGIN\EXTERN\ShadeButtonST.h
         D:\LWI\LaserNotchingSys(250604_0949)\NX_LOGIN\EXTERN\xDib.h -> D:\LWI\LaserNotchingSys(250604_0949)\INCLUDE\NX_LOGIN\EXTERN\xDib.h
         D:\LWI\LaserNotchingSys(250604_0949)\NX_LOGIN\EXTERN\_Font.h -> D:\LWI\LaserNotchingSys(250604_0949)\INCLUDE\NX_LOGIN\EXTERN\_Font.h
         D:\LWI\LaserNotchingSys(250604_0949)\NX_LOGIN\EXTERN\_Picture.h -> D:\LWI\LaserNotchingSys(250604_0949)\INCLUDE\NX_LOGIN\EXTERN\_Picture.h
         11개 파일이 복사되었습니다.
         D:\LWI\LaserNotchingSys(250604_0949)\NX_LOGIN\Debug\NX_LOGIN_D.lib -> D:\LWI\LaserNotchingSys(250604_0949)\LIBRARY\NX_LOGIN\NX_LOGIN_D.lib
         1개 파일이 복사되었습니다.
         D:\LWI\LaserNotchingSys(250604_0949)\NX_LOGIN\Debug\NX_LOGIN_D.dll -> D:\LWI\LaserNotchingSys(250604_0949)\Debug\NX_LOGIN_D.dll
         1개 파일이 복사되었습니다.
         D:\LWI\LaserNotchingSys(250604_0949)\Include\NX_LOGIN\NX_LOGIN.h을(를) 찾을 수 없습니다.
     1>"D:\LWI\LaserNotchingSys(250604_0949)\NX_LOGIN\NX_LOGIN.vcxproj" 프로젝트를 빌드했습니다(Build 대상).

빌드했습니다.

경과 시간: 00:00:09.25
