빌드 시작: 2025-06-04 오전 10:48:31
     1>2 노드의 "D:\LWI\LaserNotchingSys(250604_0949)\NX_THREAD\NX_THREAD.vcxproj" 프로젝트(Build 대상)입니다.
     1>Midl:
         C:\Program Files (x86)\Windows Kits\8.0\bin\x86\midl.exe /D _DEBUG /W1 /nologo /char signed /env win32 /h "NX_THREAD_h.h" /tlb "Debug\Object\NX_THREAD.tlb" NX_THREAD.idl 
         Processing .\NX_THREAD.idl
         NX_THREAD.idl
         Processing C:\Program Files (x86)\Windows Kits\8.0\Include\um\oaidl.idl
         oaidl.idl
         Processing C:\Program Files (x86)\Windows Kits\8.0\Include\um\objidl.idl
         objidl.idl
         Processing C:\Program Files (x86)\Windows Kits\8.0\Include\um\unknwn.idl
         unknwn.idl
         Processing C:\Program Files (x86)\Windows Kits\8.0\Include\shared\wtypes.idl
         wtypes.idl
         Processing C:\Program Files (x86)\Windows Kits\8.0\Include\shared\wtypesbase.idl
         wtypesbase.idl
         Processing C:\Program Files (x86)\Windows Kits\8.0\Include\shared\basetsd.h
         basetsd.h
         Processing C:\Program Files (x86)\Windows Kits\8.0\Include\shared\guiddef.h
         guiddef.h
         Processing C:\Program Files (x86)\Windows Kits\8.0\Include\um\oaidl.acf
         oaidl.acf
       ClCompile:
         C:\Program Files (x86)\Microsoft Visual Studio 11.0\VC\bin\CL.exe /c /I"D:\LWI\LaserNotchingSys(250604_0949)\include\\" /ZI /nologo /W3 /WX- /sdl /Od /Oy- /D WIN32 /D _WINDOWS /D _DEBUG /D _USRDLL /D NX_THREAD_DLL_BUILD /D _WINDLL /D _MBCS /D _AFXDLL /Gm /EHsc /RTC1 /MDd /GS /fp:precise /Zc:wchar_t /Zc:forScope /Yc"stdafx.h" /Fp"Debug\Object\NX_THREAD_D.pch" /Fo"Debug\Object\\" /Fd"Debug\Object\vc110.pdb" /Gd /TP /analyze- /errorReport:prompt stdafx.cpp
         stdafx.cpp
         C:\Program Files (x86)\Microsoft Visual Studio 11.0\VC\bin\CL.exe /c /I"D:\LWI\LaserNotchingSys(250604_0949)\include\\" /ZI /nologo /W3 /WX- /sdl /Od /Oy- /D WIN32 /D _WINDOWS /D _DEBUG /D _USRDLL /D NX_THREAD_DLL_BUILD /D _WINDLL /D _MBCS /D _AFXDLL /Gm /EHsc /RTC1 /MDd /GS /fp:precise /Zc:wchar_t /Zc:forScope /Yu"stdafx.h" /Fp"Debug\Object\NX_THREAD_D.pch" /Fo"Debug\Object\\" /Fd"Debug\Object\vc110.pdb" /Gd /TP /analyze- /errorReport:prompt NX_THREAD.cpp Thread.cpp ThreadManager.cpp
         ThreadManager.cpp
         Thread.cpp
         NX_THREAD.cpp
         코드를 생성하고 있습니다...
       ResourceCompile:
         C:\Program Files (x86)\Windows Kits\8.0\bin\x86\rc.exe /D _DEBUG /D _AFXDLL /l"0x0412" /IDebug\Object\ /nologo /fo"Debug\Object\NX_THREAD.res" NX_THREAD.rc 
       Link:
         C:\Program Files (x86)\Microsoft Visual Studio 11.0\VC\bin\link.exe /ERRORREPORT:PROMPT /OUT:"Debug\NX_THREAD_D.dll" /INCREMENTAL /NOLOGO /LIBPATH:"D:\LWI\LaserNotchingSys(250604_0949)\library\32\\" /DEF:".\NX_THREAD.def" /MANIFEST /MANIFESTUAC:"level='asInvoker' uiAccess='false'" /manifest:embed /manifestinput:"C:\Program Files (x86)\Microsoft Visual Studio 11.0\VC\Include\Manifest\dpiaware.manifest" /DEBUG /PDB:"Debug\NX_THREAD_D.pdb" /SUBSYSTEM:WINDOWS /TLBID:1 /DYNAMICBASE /NXCOMPAT /IMPLIB:"Debug\NX_THREAD_D.lib" /MACHINE:X86 /DLL Debug\Object\NX_THREAD.res
         Debug\Object\NX_THREAD.obj
         Debug\Object\stdafx.obj
         Debug\Object\Thread.obj
         Debug\Object\ThreadManager.obj
            Debug\NX_THREAD_D.lib 라이브러리 및 Debug\NX_THREAD_D.exp 개체를 생성하고 있습니다.
         NX_THREAD.vcxproj -> D:\LWI\LaserNotchingSys(250604_0949)\NX_THREAD\Debug\NX_THREAD_D.dll
       PostBuildEvent:
         xcopy /f /y *.h "D:\LWI\LaserNotchingSys(250604_0949)\Include\NX_THREAD\"
         xcopy /f /y D:\LWI\LaserNotchingSys(250604_0949)\NX_THREAD\EXTERN\*.h "D:\LWI\LaserNotchingSys(250604_0949)\INCLUDE\NX_THREAD\EXTERN\"
         xcopy /f /y Debug\\NX_THREAD_D.lib "D:\LWI\LaserNotchingSys(250604_0949)\LIBRARY\NX_THREAD\"
         xcopy /f /y Debug\NX_THREAD_D.dll "D:\LWI\LaserNotchingSys(250604_0949)\Debug\"
         del "D:\LWI\LaserNotchingSys(250604_0949)\Include\NX_THREAD\Stdafx.h"
         del "D:\LWI\LaserNotchingSys(250604_0949)\Include\NX_THREAD\targetver.h"
         del "D:\LWI\LaserNotchingSys(250604_0949)\Include\NX_THREAD\resource.h"
         del "D:\LWI\LaserNotchingSys(250604_0949)\Include\NX_THREAD\NX_THREAD.h"
         
         :VCEnd
         D:\LWI\LaserNotchingSys(250604_0949)\NX_THREAD\NX_THREAD.h -> D:\LWI\LaserNotchingSys(250604_0949)\Include\NX_THREAD\NX_THREAD.h
         D:\LWI\LaserNotchingSys(250604_0949)\NX_THREAD\NX_THREAD_h.h -> D:\LWI\LaserNotchingSys(250604_0949)\Include\NX_THREAD\NX_THREAD_h.h
         D:\LWI\LaserNotchingSys(250604_0949)\NX_THREAD\Resource.h -> D:\LWI\LaserNotchingSys(250604_0949)\Include\NX_THREAD\Resource.h
         D:\LWI\LaserNotchingSys(250604_0949)\NX_THREAD\stdafx.h -> D:\LWI\LaserNotchingSys(250604_0949)\Include\NX_THREAD\stdafx.h
         D:\LWI\LaserNotchingSys(250604_0949)\NX_THREAD\targetver.h -> D:\LWI\LaserNotchingSys(250604_0949)\Include\NX_THREAD\targetver.h
         D:\LWI\LaserNotchingSys(250604_0949)\NX_THREAD\Thread.h -> D:\LWI\LaserNotchingSys(250604_0949)\Include\NX_THREAD\Thread.h
         D:\LWI\LaserNotchingSys(250604_0949)\NX_THREAD\ThreadInterfaceHeader.h -> D:\LWI\LaserNotchingSys(250604_0949)\Include\NX_THREAD\ThreadInterfaceHeader.h
         D:\LWI\LaserNotchingSys(250604_0949)\NX_THREAD\ThreadManager.h -> D:\LWI\LaserNotchingSys(250604_0949)\Include\NX_THREAD\ThreadManager.h
         8개 파일이 복사되었습니다.
         파일을 찾을 수 없습니다-*.h
         0개 파일이 복사되었습니다.
         D:\LWI\LaserNotchingSys(250604_0949)\NX_THREAD\Debug\NX_THREAD_D.lib -> D:\LWI\LaserNotchingSys(250604_0949)\LIBRARY\NX_THREAD\NX_THREAD_D.lib
         1개 파일이 복사되었습니다.
         D:\LWI\LaserNotchingSys(250604_0949)\NX_THREAD\Debug\NX_THREAD_D.dll -> D:\LWI\LaserNotchingSys(250604_0949)\Debug\NX_THREAD_D.dll
         1개 파일이 복사되었습니다.
     1>"D:\LWI\LaserNotchingSys(250604_0949)\NX_THREAD\NX_THREAD.vcxproj" 프로젝트를 빌드했습니다(Build 대상).

빌드했습니다.

경과 시간: 00:01:38.80
